#
# An unexpected error has been detected by Java Runtime Environment:
#
#  EXCEPTION_ACCESS_VIOLATION (0xc0000005) at pc=0x6d12e9b2, pid=5680, tid=4616
#
# Java VM: Java HotSpot(TM) Client VM (1.6.0-b105 mixed mode, sharing)
# Problematic frame:
# C  [awt.dll+0x12e9b2]
#
# If you would like to submit a bug report, please visit:
#   http://java.sun.com/webapps/bugreport/crash.jsp
#

---------------  T H R E A D  ---------------

Current thread (0x0244a400):  JavaThread "AWT-EventQueue-0" [_thread_in_native, id=4616]

siginfo: ExceptionCode=0xc0000005, reading address 0x00000004

Registers:
EAX=0x05d4fb38, EBX=0x2cccd890, ECX=0x00000000, EDX=0x0244a4e8
ESP=0x05d4f4ac, EBP=0x05d4f4f8, ESI=0x023e0014, EDI=0x0244a400
EIP=0x6d12e9b2, EFLAGS=0x00010206

Top of Stack: (sp=0x05d4f4ac)
0x05d4f4ac:   2c43cea0 2cccd890 054f7c74 0244a400
0x05d4f4bc:   0244a400 00000006 00000004 00000000
0x05d4f4cc:   05d4f4cc 02402128 02402110 02402128
0x05d4f4dc:   77d022c0 02402110 05d4f548 6d0e4c5c
0x05d4f4ec:   05d4fb38 6d13e5eb ffffffff 05d4f548
0x05d4f4fc:   6d130122 0244a4e8 00000001 2c43cea0
0x05d4f50c:   024ba460 0244a4e8 05d4f560 00000000
0x05d4f51c:   00000001 054f804c 6d9239c1 05d4f528 

Instructions: (pc=0x6d12e9b2)
0x6d12e9a2:   89 25 00 00 00 00 83 ec 38 53 56 8b f1 8b 4e 04
0x6d12e9b2:   8b 41 04 83 f8 18 57 89 65 f0 75 29 8b 45 08 68 


Stack: [0x05d00000,0x05d50000),  sp=0x05d4f4ac,  free space=317k
Native frames: (J=compiled Java code, j=interpreted, Vv=VM code, C=native code)
C  [awt.dll+0x12e9b2]
C  [awt.dll+0x130122]
j  sun.awt.Win32GraphicsDevice.getDynamicColorModel()Ljava/awt/image/ColorModel;+14
j  sun.awt.Win32GraphicsConfig.getDeviceColorModel()Ljava/awt/image/ColorModel;+4
j  sun.awt.windows.WComponentPeer.getDeviceColorModel()Ljava/awt/image/ColorModel;+13
j  sun.java2d.windows.Win32SurfaceData.createData(Lsun/awt/windows/WComponentPeer;I)Lsun/java2d/windows/Win32SurfaceData;+1
j  sun.awt.Win32GraphicsConfig.createSurfaceData(Lsun/awt/windows/WComponentPeer;I)Lsun/java2d/SurfaceData;+2
j  sun.awt.windows.WComponentPeer.replaceSurfaceData(I)V+59
j  sun.awt.windows.WComponentPeer.replaceSurfaceData()V+5
j  sun.awt.windows.WComponentPeer.displayChanged()V+1
j  sun.awt.windows.WCanvasPeer.displayChanged()V+9
j  sun.awt.windows.WPanelPeer.displayChanged()V+1
j  sun.awt.windows.WWindowPeer.displayChanged()V+5
j  sun.awt.SunDisplayChanger.notifyListeners()V+65
j  sun.awt.Win32GraphicsDevice.displayChanged()V+24
j  sun.java2d.SunGraphicsEnvironment.displayChanged()V+33
j  sun.awt.Win32GraphicsEnvironment.displayChanged()V+4
j  sun.awt.windows.WToolkit$4.run()V+6
j  java.awt.event.InvocationEvent.dispatch()V+47
j  java.awt.EventQueue.dispatchEvent(Ljava/awt/AWTEvent;)V+26
j  java.awt.EventDispatchThread.pumpOneEventForFilters(I)Z+156
j  java.awt.EventDispatchThread.pumpEventsForFilter(ILjava/awt/Conditional;Ljava/awt/EventFilter;)V+30
j  java.awt.EventDispatchThread.pumpEventsForHierarchy(ILjava/awt/Conditional;Ljava/awt/Component;)V+11
j  java.awt.EventDispatchThread.pumpEvents(ILjava/awt/Conditional;)V+4
j  java.awt.EventDispatchThread.pumpEvents(Ljava/awt/Conditional;)V+3
j  java.awt.EventDispatchThread.run()V+9
v  ~StubRoutines::call_stub

Java frames: (J=compiled Java code, j=interpreted, Vv=VM code)
j  sun.awt.Win32GraphicsDevice.makeColorModel(IZ)Ljava/awt/image/ColorModel;+0
j  sun.awt.Win32GraphicsDevice.getDynamicColorModel()Ljava/awt/image/ColorModel;+14
j  sun.awt.Win32GraphicsConfig.getDeviceColorModel()Ljava/awt/image/ColorModel;+4
j  sun.awt.windows.WComponentPeer.getDeviceColorModel()Ljava/awt/image/ColorModel;+13
j  sun.java2d.windows.Win32SurfaceData.createData(Lsun/awt/windows/WComponentPeer;I)Lsun/java2d/windows/Win32SurfaceData;+1
j  sun.awt.Win32GraphicsConfig.createSurfaceData(Lsun/awt/windows/WComponentPeer;I)Lsun/java2d/SurfaceData;+2
j  sun.awt.windows.WComponentPeer.replaceSurfaceData(I)V+59
j  sun.awt.windows.WComponentPeer.replaceSurfaceData()V+5
j  sun.awt.windows.WComponentPeer.displayChanged()V+1
j  sun.awt.windows.WCanvasPeer.displayChanged()V+9
j  sun.awt.windows.WPanelPeer.displayChanged()V+1
j  sun.awt.windows.WWindowPeer.displayChanged()V+5
j  sun.awt.SunDisplayChanger.notifyListeners()V+65
j  sun.awt.Win32GraphicsDevice.displayChanged()V+24
j  sun.java2d.SunGraphicsEnvironment.displayChanged()V+33
j  sun.awt.Win32GraphicsEnvironment.displayChanged()V+4
j  sun.awt.windows.WToolkit$4.run()V+6
j  java.awt.event.InvocationEvent.dispatch()V+47
j  java.awt.EventQueue.dispatchEvent(Ljava/awt/AWTEvent;)V+26
j  java.awt.EventDispatchThread.pumpOneEventForFilters(I)Z+156
j  java.awt.EventDispatchThread.pumpEventsForFilter(ILjava/awt/Conditional;Ljava/awt/EventFilter;)V+30
j  java.awt.EventDispatchThread.pumpEventsForHierarchy(ILjava/awt/Conditional;Ljava/awt/Component;)V+11
j  java.awt.EventDispatchThread.pumpEvents(ILjava/awt/Conditional;)V+4
j  java.awt.EventDispatchThread.pumpEvents(Ljava/awt/Conditional;)V+3
j  java.awt.EventDispatchThread.run()V+9
v  ~StubRoutines::call_stub

---------------  P R O C E S S  ---------------

Java Threads: ( => current thread )
  0x0244ac00 JavaThread "TimerQueue" daemon [_thread_blocked, id=5092]
  0x0244a800 JavaThread "DestroyJavaVM" [_thread_blocked, id=3620]
=>0x0244a400 JavaThread "AWT-EventQueue-0" [_thread_in_native, id=4616]
  0x02449c00 JavaThread "MySQL Statement Cancellation Timer" daemon [_thread_blocked, id=2176]
  0x02449000 JavaThread "AWT-Windows" daemon [_thread_in_native, id=5156]
  0x02448c00 JavaThread "AWT-Shutdown" [_thread_blocked, id=1816]
  0x02448400 JavaThread "Java2D Disposer" daemon [_thread_blocked, id=1304]
  0x0240b400 JavaThread "Low Memory Detector" daemon [_thread_blocked, id=2112]
  0x02401400 JavaThread "CompilerThread0" daemon [_thread_blocked, id=4868]
  0x02400800 JavaThread "Attach Listener" daemon [_thread_blocked, id=3808]
  0x02400400 JavaThread "Signal Dispatcher" daemon [_thread_blocked, id=5804]
  0x023f9400 JavaThread "Finalizer" daemon [_thread_blocked, id=2360]
  0x023f0800 JavaThread "Reference Handler" daemon [_thread_blocked, id=4828]

Other Threads:
  0x023e7800 VMThread [id=5404]
  0x0240c400 WatcherThread [id=5800]

VM state:not at safepoint (normal execution)

VM Mutex/Monitor currently owned by a thread: None

Heap
 def new generation   total 960K, used 168K [0x24300000, 0x24400000, 0x247e0000)
  eden space 896K,  18% used [0x24300000, 0x2432a138, 0x243e0000)
  from space 64K,   0% used [0x243f0000, 0x243f0000, 0x24400000)
  to   space 64K,   0% used [0x243e0000, 0x243e0000, 0x243f0000)
 tenured generation   total 7864K, used 6181K [0x247e0000, 0x24f8e000, 0x28300000)
   the space 7864K,  78% used [0x247e0000, 0x24de95a8, 0x24de9600, 0x24f8e000)
 compacting perm gen  total 12288K, used 1647K [0x28300000, 0x28f00000, 0x2c300000)
   the space 12288K,  13% used [0x28300000, 0x2849bfc0, 0x2849c000, 0x28f00000)
    ro space 8192K,  66% used [0x2c300000, 0x2c849920, 0x2c849a00, 0x2cb00000)
    rw space 12288K,  52% used [0x2cb00000, 0x2d146130, 0x2d146200, 0x2d700000)

Dynamic libraries:
0x00400000 - 0x00423000 	C:\Program Files (x86)\Java\jdk1.6.0\bin\javaw.exe
0x77ce0000 - 0x77e60000 	C:\windows\SysWOW64\ntdll.dll
0x76e00000 - 0x76f10000 	C:\windows\syswow64\kernel32.dll
0x75ea0000 - 0x75ee7000 	C:\windows\syswow64\KERNELBASE.dll
0x75900000 - 0x759a0000 	C:\windows\syswow64\ADVAPI32.dll
0x77250000 - 0x772fc000 	C:\windows\syswow64\msvcrt.dll
0x75e80000 - 0x75e99000 	C:\windows\SysWOW64\sechost.dll
0x76d10000 - 0x76e00000 	C:\windows\syswow64\RPCRT4.dll
0x75700000 - 0x75760000 	C:\windows\syswow64\SspiCli.dll
0x756f0000 - 0x756fc000 	C:\windows\syswow64\CRYPTBASE.dll
0x770b0000 - 0x771b0000 	C:\windows\syswow64\USER32.dll
0x75d20000 - 0x75db0000 	C:\windows\syswow64\GDI32.dll
0x77300000 - 0x7730a000 	C:\windows\syswow64\LPK.dll
0x75de0000 - 0x75e7d000 	C:\windows\syswow64\USP10.dll
0x77470000 - 0x774d0000 	C:\windows\system32\IMM32.DLL
0x777b0000 - 0x7787c000 	C:\windows\syswow64\MSCTF.dll
0x7c340000 - 0x7c396000 	C:\Program Files (x86)\Java\jdk1.6.0\jre\bin\msvcr71.dll
0x6d7c0000 - 0x6da07000 	C:\Program Files (x86)\Java\jdk1.6.0\jre\bin\client\jvm.dll
0x74e60000 - 0x74e92000 	C:\windows\system32\WINMM.dll
0x72c10000 - 0x72c5c000 	C:\windows\system32\apphelp.dll
0x6d310000 - 0x6d318000 	C:\Program Files (x86)\Java\jdk1.6.0\jre\bin\hpi.dll
0x757e0000 - 0x757e5000 	C:\windows\syswow64\PSAPI.DLL
0x6d770000 - 0x6d77c000 	C:\Program Files (x86)\Java\jdk1.6.0\jre\bin\verify.dll
0x6d3b0000 - 0x6d3cf000 	C:\Program Files (x86)\Java\jdk1.6.0\jre\bin\java.dll
0x6d7b0000 - 0x6d7bf000 	C:\Program Files (x86)\Java\jdk1.6.0\jre\bin\zip.dll
0x6d000000 - 0x6d1c3000 	C:\Program Files (x86)\Java\jdk1.6.0\jre\bin\awt.dll
0x74010000 - 0x74061000 	C:\windows\system32\WINSPOOL.DRV
0x77310000 - 0x7746c000 	C:\windows\syswow64\ole32.dll
0x74100000 - 0x74180000 	C:\windows\system32\uxtheme.dll
0x6d2b0000 - 0x6d303000 	C:\Program Files (x86)\Java\jdk1.6.0\jre\bin\fontmanager.dll
0x10000000 - 0x10039000 	C:\Program Files (x86)\Samsung\Movie Color Enhancer\WinCRT.dll
0x77050000 - 0x770a7000 	C:\windows\syswow64\SHLWAPI.dll
0x75840000 - 0x758cf000 	C:\windows\syswow64\OLEAUT32.dll
0x740e0000 - 0x740f3000 	C:\windows\system32\dwmapi.dll
0x760c0000 - 0x76d0a000 	C:\windows\syswow64\shell32.dll
0x6d570000 - 0x6d583000 	C:\Program Files (x86)\Java\jdk1.6.0\jre\bin\net.dll
0x771d0000 - 0x77205000 	C:\windows\syswow64\WS2_32.dll
0x75a30000 - 0x75a36000 	C:\windows\syswow64\NSI.dll
0x75250000 - 0x7528c000 	C:\windows\system32\mswsock.dll
0x72e90000 - 0x72e96000 	C:\windows\System32\wship6.dll
0x73a20000 - 0x73a25000 	C:\windows\System32\wshtcpip.dll
0x750c0000 - 0x75104000 	C:\windows\system32\DNSAPI.dll
0x75080000 - 0x750a7000 	C:\Program Files (x86)\Common Files\Microsoft Shared\Windows Live\WLIDNSP.DLL
0x74f00000 - 0x74f1c000 	C:\windows\system32\IPHLPAPI.DLL
0x74ef0000 - 0x74ef7000 	C:\windows\system32\WINNSI.DLL
0x717e0000 - 0x717e6000 	C:\windows\system32\rasadhlp.dll
0x73bd0000 - 0x73c08000 	C:\windows\System32\fwpuclnt.dll
0x6d590000 - 0x6d599000 	C:\Program Files (x86)\Java\jdk1.6.0\jre\bin\nio.dll
0x6d450000 - 0x6d474000 	C:\Program Files (x86)\Java\jdk1.6.0\jre\bin\jpeg.dll
0x05b80000 - 0x05bb8000 	C:\Program Files\WIDCOMM\Bluetooth Software\SysWOW64\BtMmHook.dll

VM Arguments:
jvm_args: -Dfile.encoding=Cp1252
java_command: gui.Swing
Launcher Type: SUN_STANDARD

Environment Variables:
JAVA_HOME=C:\Program Files (x86)\Java\jdk1.6.0
JRE_HOME=C:\Program Files (x86)\Java\jdk1.6.0\jre;
CLASSPATH=C:\Program Files\Apache Software Foundation\Tomcat 6.0\lib/servlet-api.jar
PATH=C:/Program Files (x86)/Java/jdk1.6.0/bin/../jre/bin/client;C:/Program Files (x86)/Java/jdk1.6.0/bin/../jre/bin;C:/Program Files (x86)/Java/jdk1.6.0/bin/../jre/lib/i386;C:\Program Files (x86)\Java\jdk1.6.0\bin;C:\Program Files (x86)\Java\jdk1.6.0;C:\Program Files (x86)\Java\jdk1.6.0\bin;C:\Program Files (x86)\Java\jdk1.6.0
USERNAME=Anand Chauhan
OS=Windows_NT
PROCESSOR_IDENTIFIER=Intel64 Family 6 Model 37 Stepping 5, GenuineIntel



---------------  S Y S T E M  ---------------

OS: Windows NT 6.1 Build 7601 Service Pack 1

CPU:total 4 family 6, cmov, cx8, fxsr, mmx, sse, sse2

Memory: 4k page, physical 1954368k(1120680k free), swap 3908736k(1295288k free)

vm_info: Java HotSpot(TM) Client VM (1.6.0-b105) for windows-x86, built on Nov 29 2006 00:48:48 by "java_re" with unknown MS VC++:1310

